<?xml version="1.0" encoding="UTF-8"?>
<!-- Generated by org.testng.reporters.JUnitXMLReporter -->
<testsuite ignored="0" hostname="LAPTOP-52NJGNB2" failures="1" tests="37" name="Amazon App Test" time="478.587" errors="0" timestamp="06 Jul. 2023 01:45:47 GMT">
  <testcase classname="tests.HomePageTest" name="validateHomePageTitle" time="0.052"/>
  <testcase classname="tests.LoginPageTest" name="validateLoginPageTitle" time="0.212"/>
  <testcase classname="tests.AmazonPageTest" name="verifyPageTitle" time="0.015"/>
  <testcase classname="tests.ElectronicPageTest" name="validateElectronicPageTitle" time="0.095"/>
  <testcase classname="tests.KeyBoardPageTest" name="validateKeyBoardPageTitle" time="0.026"/>
  <testcase classname="tests.MusicInstrumentPageTest" name="validateMusicInstrumentPageTitle" time="0.042"/>
  <testcase classname="tests.PianoPageTest" name="validatePianoPageTitle" time="0.012"/>
  <testcase classname="tests.RegisterPageTest" name="validateRegisterPageTitle" time="0.017"/>
  <testcase classname="tests.ShoppingPageTest" name="validateShoppingPageTitle" time="0.01"/>
  <testcase classname="tests.HomePageTest" name="verifyAmazonBottomLableTest" time="0.282"/>
  <testcase classname="tests.LoginPageTest" name="loginWithCorrectDetailsTest" time="2.119"/>
  <testcase classname="tests.AmazonPageTest" name="seleciMinMaxValueForItemTest" time="1.691"/>
  <testcase classname="tests.ElectronicPageTest" name="getAllLinksFromDropDOwnTest" time="4.203"/>
  <testcase classname="tests.KeyBoardPageTest" name="clickOnfolktoolTest" time="1.874"/>
  <testcase classname="tests.MusicInstrumentPageTest" name="clickOnKeyboardPianoTest" time="1.491"/>
  <testcase classname="tests.PianoPageTest" name="verifyImgDisplayedTest" time="0.065"/>
  <testcase classname="tests.RegisterPageTest" name="createNewAccountTest" time="1.416"/>
  <testcase classname="tests.ShoppingPageTest" name="confirmBucketItemTest" time="4.429"/>
  <testcase classname="tests.HomePageTest" name="getDefaultValueFromSearchBoxTest" time="0.091"/>
  <testcase classname="tests.ShoppingPageTest" name="confirmCartItemsTest" time="1.217"/>
  <testcase classname="tests.LoginPageTest" name="verifyAmazonLogoTest" time="0.532"/>
  <testcase classname="tests.AmazonPageTest" name="finilizeItemPianoTest" time="4.477"/>
  <testcase classname="tests.ElectronicPageTest" name="scrolldownClickOnMusicInstrumentTest" time="3.719"/>
  <testcase classname="tests.KeyBoardPageTest" name="backForwardRefreshTest" time="2.936"/>
  <testcase classname="tests.MusicInstrumentPageTest" name="getAllHeaderLinksTest" time="0.631"/>
  <testcase classname="tests.PianoPageTest" name="itemAddToCartTest" time="0.308"/>
  <testcase classname="tests.HomePageTest" name="getAllOptionsFromSuggestionListTest" time="1.028"/>
  <testcase classname="tests.ElectronicPageTest" name="verifyElectronicImgTest" time="2.379"/>
  <testcase classname="tests.KeyBoardPageTest" name="validateKeyBoardHeadingTest" time="0.111"/>
  <testcase classname="tests.LoginPageTest" name="verifyEmailErrTest" time="0.995"/>
  <testcase classname="tests.HomePageTest" name="clickOnElectronicsLinkTest" time="0.335"/>
  <testcase classname="tests.LoginPageTest" name="clickOnCreateNewAccountTest" time="1.339"/>
  <testcase classname="tests.HomePageTest" name="getAllFooterLinksTest" time="1.709"/>
  <testcase classname="tests.LoginPageTest" name="linkToTakeSSTest" time="30.561">
    <failure type="org.openqa.selenium.NoSuchElementException" message="no such element: Unable to locate element: {&amp;quot;method&amp;quot;:&amp;quot;link text&amp;quot;,&amp;quot;selector&amp;quot;:&amp;quot;Conditions of Use12&amp;quot;}
  (Session info: chrome=114.0.5735.199)
For documentation on this error, please visit: http://seleniumhq.org/exceptions/no_such_element.html
Build info: version: &amp;apos;3.14.0&amp;apos;, revision: &amp;apos;aacccce0&amp;apos;, time: &amp;apos;2018-08-02T20:19:58.91Z&amp;apos;
System info: host: &amp;apos;LAPTOP-52NJGNB2&amp;apos;, ip: &amp;apos;10.0.0.127&amp;apos;, os.name: &amp;apos;Windows 10&amp;apos;, os.arch: &amp;apos;amd64&amp;apos;, os.version: &amp;apos;10.0&amp;apos;, java.version: &amp;apos;15.0.1&amp;apos;
Driver info: org.openqa.selenium.chrome.ChromeDriver
Capabilities {acceptInsecureCerts: false, browserName: chrome, browserVersion: 114.0.5735.199, chrome: {chromedriverVersion: 114.0.5735.90 (386bc09e8f4f..., userDataDir: C:\Users\jaldi\AppData\Loca...}, goog:chromeOptions: {debuggerAddress: localhost:59677}, javascriptEnabled: true, networkConnectionEnabled: false, pageLoadStrategy: normal, platform: WINDOWS, platformName: WINDOWS, proxy: Proxy(), setWindowRect: true, strictFileInteractability: false, timeouts: {implicit: 0, pageLoad: 300000, script: 30000}, unhandledPromptBehavior: dismiss and notify, webauthn:extension:credBlob: true, webauthn:extension:largeBlob: true, webauthn:extension:minPinLength: true, webauthn:extension:prf: true, webauthn:virtualAuthenticators: true}
Session ID: daf367ec1d55fe02bdc36bfccd37e5ee
*** Element info: {Using=link text, value=Conditions of Use12}">
      <![CDATA[org.openqa.selenium.NoSuchElementException: no such element: Unable to locate element: {"method":"link text","selector":"Conditions of Use12"}
  (Session info: chrome=114.0.5735.199)
For documentation on this error, please visit: http://seleniumhq.org/exceptions/no_such_element.html
Build info: version: '3.14.0', revision: 'aacccce0', time: '2018-08-02T20:19:58.91Z'
System info: host: 'LAPTOP-52NJGNB2', ip: '10.0.0.127', os.name: 'Windows 10', os.arch: 'amd64', os.version: '10.0', java.version: '15.0.1'
Driver info: org.openqa.selenium.chrome.ChromeDriver
Capabilities {acceptInsecureCerts: false, browserName: chrome, browserVersion: 114.0.5735.199, chrome: {chromedriverVersion: 114.0.5735.90 (386bc09e8f4f..., userDataDir: C:\Users\jaldi\AppData\Loca...}, goog:chromeOptions: {debuggerAddress: localhost:59677}, javascriptEnabled: true, networkConnectionEnabled: false, pageLoadStrategy: normal, platform: WINDOWS, platformName: WINDOWS, proxy: Proxy(), setWindowRect: true, strictFileInteractability: false, timeouts: {implicit: 0, pageLoad: 300000, script: 30000}, unhandledPromptBehavior: dismiss and notify, webauthn:extension:credBlob: true, webauthn:extension:largeBlob: true, webauthn:extension:minPinLength: true, webauthn:extension:prf: true, webauthn:virtualAuthenticators: true}
Session ID: daf367ec1d55fe02bdc36bfccd37e5ee
*** Element info: {Using=link text, value=Conditions of Use12}
	at org.openqa.selenium.remote.http.W3CHttpResponseCodec.createException(W3CHttpResponseCodec.java:187)
	at org.openqa.selenium.remote.http.W3CHttpResponseCodec.decode(W3CHttpResponseCodec.java:122)
	at org.openqa.selenium.remote.http.W3CHttpResponseCodec.decode(W3CHttpResponseCodec.java:49)
	at org.openqa.selenium.remote.HttpCommandExecutor.execute(HttpCommandExecutor.java:158)
	at org.openqa.selenium.remote.service.DriverCommandExecutor.execute(DriverCommandExecutor.java:83)
	at org.openqa.selenium.remote.RemoteWebDriver.execute(RemoteWebDriver.java:548)
	at org.openqa.selenium.remote.RemoteWebDriver.findElement(RemoteWebDriver.java:322)
	at org.openqa.selenium.remote.RemoteWebDriver.findElementByLinkText(RemoteWebDriver.java:376)
	at org.openqa.selenium.By$ByLinkText.findElement(By.java:220)
	at org.openqa.selenium.remote.RemoteWebDriver.findElement(RemoteWebDriver.java:314)
	at org.openqa.selenium.support.events.EventFiringWebDriver.lambda$new$1(EventFiringWebDriver.java:105)
	at com.sun.proxy.$Proxy10.findElement(Unknown Source)
	at org.openqa.selenium.support.events.EventFiringWebDriver.findElement(EventFiringWebDriver.java:194)
	at org.openqa.selenium.support.pagefactory.DefaultElementLocator.findElement(DefaultElementLocator.java:69)
	at org.openqa.selenium.support.pagefactory.internal.LocatingElementHandler.invoke(LocatingElementHandler.java:38)
	at com.sun.proxy.$Proxy14.isDisplayed(Unknown Source)
	at pages.LoginPage.linkToTakeSS(LoginPage.java:78)
	at tests.LoginPageTest.linkToTakeSSTest(LoginPageTest.java:68)
... Removed 33 stack frames]]>
    </failure>
  </testcase> <!-- linkToTakeSSTest -->
  <testcase classname="tests.HomePageTest" name="clickOnSignInLinkTest" time="0.374"/>
  <testcase classname="tests.LoginPageTest" name="validateUserNameAfterLogInTest" time="2.813"/>
  <testcase classname="tests.HomePageTest" name="getListAfterHoverTest" time="1.541"/>
</testsuite> <!-- Amazon App Test -->
