<html>
<head>
<title>TestNG:  Amazon App Test</title>
<link href="../testng.css" rel="stylesheet" type="text/css" />
<link href="../my-testng.css" rel="stylesheet" type="text/css" />

<style type="text/css">
.log { display: none;} 
.stack-trace { display: none;} 
</style>
<script type="text/javascript">
<!--
function flip(e) {
  current = e.style.display;
  if (current == 'block') {
    e.style.display = 'none';
    return 0;
  }
  else {
    e.style.display = 'block';
    return 1;
  }
}

function toggleBox(szDivId, elem, msg1, msg2)
{
  var res = -1;  if (document.getElementById) {
    res = flip(document.getElementById(szDivId));
  }
  else if (document.all) {
    // this is the way old msie versions work
    res = flip(document.all[szDivId]);
  }
  if(elem) {
    if(res == 0) elem.innerHTML = msg1; else elem.innerHTML = msg2;
  }

}

function toggleAllBoxes() {
  if (document.getElementsByTagName) {
    d = document.getElementsByTagName('div');
    for (i = 0; i < d.length; i++) {
      if (d[i].className == 'log') {
        flip(d[i]);
      }
    }
  }
}

// -->
</script>

</head>
<body>
<h2 align='center'>Amazon App Test</h2><table border='1' align="center">
<tr>
<td>Tests passed/Failed/Skipped:</td><td>36/1/0</td>
</tr><tr>
<td>Started on:</td><td>Wed Jul 05 21:37:48 PYT 2023</td>
</tr>
<tr><td>Total time:</td><td>478 seconds (478587 ms)</td>
</tr><tr>
<td>Included groups:</td><td></td>
</tr><tr>
<td>Excluded groups:</td><td></td>
</tr>
</table><p/>
<small><i>(Hover the method name to see the test class name)</i></small><p/>
<table width='100%' border='1' class='invocation-failed'>
<tr><td colspan='4' align='center'><b>FAILED TESTS</b></td></tr>
<tr><td><b>Test method</b></td>
<td width="30%"><b>Exception</b></td>
<td width="10%"><b>Time (seconds)</b></td>
<td><b>Instance</b></td>
</tr>
<tr>
<td title='tests.LoginPageTest.linkToTakeSSTest()'><b>linkToTakeSSTest</b><br>Test class: tests.LoginPageTest</td>
<td><div><pre>org.openqa.selenium.NoSuchElementException: no such element: Unable to locate element: {&quot;method&quot;:&quot;link text&quot;,&quot;selector&quot;:&quot;Conditions of Use12&quot;}
  (Session info: chrome=114.0.5735.199)
For documentation on this error, please visit: http://seleniumhq.org/exceptions/no_such_element.html
Build info: version: &apos;3.14.0&apos;, revision: &apos;aacccce0&apos;, time: &apos;2018-08-02T20:19:58.91Z&apos;
System info: host: &apos;LAPTOP-52NJGNB2&apos;, ip: &apos;10.0.0.127&apos;, os.name: &apos;Windows 10&apos;, os.arch: &apos;amd64&apos;, os.version: &apos;10.0&apos;, java.version: &apos;15.0.1&apos;
Driver info: org.openqa.selenium.chrome.ChromeDriver
Capabilities {acceptInsecureCerts: false, browserName: chrome, browserVersion: 114.0.5735.199, chrome: {chromedriverVersion: 114.0.5735.90 (386bc09e8f4f..., userDataDir: C:\Users\jaldi\AppData\Loca...}, goog:chromeOptions: {debuggerAddress: localhost:59677}, javascriptEnabled: true, networkConnectionEnabled: false, pageLoadStrategy: normal, platform: WINDOWS, platformName: WINDOWS, proxy: Proxy(), setWindowRect: true, strictFileInteractability: false, timeouts: {implicit: 0, pageLoad: 300000, script: 30000}, unhandledPromptBehavior: dismiss and notify, webauthn:extension:credBlob: true, webauthn:extension:largeBlob: true, webauthn:extension:minPinLength: true, webauthn:extension:prf: true, webauthn:virtualAuthenticators: true}
Session ID: daf367ec1d55fe02bdc36bfccd37e5ee
*** Element info: {Using=link text, value=Conditions of Use12}
	at org.openqa.selenium.remote.http.W3CHttpResponseCodec.createException(W3CHttpResponseCodec.java:187)
	at org.openqa.selenium.remote.http.W3CHttpResponseCodec.decode(W3CHttpResponseCodec.java:122)
	at org.openqa.selenium.remote.http.W3CHttpResponseCodec.decode(W3CHttpResponseCodec.java:49)
	at org.openqa.selenium.remote.HttpCommandExecutor.execute(HttpCommandExecutor.java:158)
	at org.openqa.selenium.remote.service.DriverCommandExecutor.execute(DriverCommandExecutor.java:83)
	at org.openqa.selenium.remote.RemoteWebDriver.execute(RemoteWebDriver.java:548)
	at org.openqa.selenium.remote.RemoteWebDriver.findElement(RemoteWebDriver.java:322)
	at org.openqa.selenium.remote.RemoteWebDriver.findElementByLinkText(RemoteWebDriver.java:376)
	at org.openqa.selenium.By$ByLinkText.findElement(By.java:220)
	at org.openqa.selenium.remote.RemoteWebDriver.findElement(RemoteWebDriver.java:314)
	at org.openqa.selenium.support.events.EventFiringWebDriver.lambda$new$1(EventFiringWebDriver.java:105)
	at com.sun.proxy.$Proxy10.findElement(Unknown Source)
	at org.openqa.selenium.support.events.EventFiringWebDriver.findElement(EventFiringWebDriver.java:194)
	at org.openqa.selenium.support.pagefactory.DefaultElementLocator.findElement(DefaultElementLocator.java:69)
	at org.openqa.selenium.support.pagefactory.internal.LocatingElementHandler.invoke(LocatingElementHandler.java:38)
	at com.sun.proxy.$Proxy14.isDisplayed(Unknown Source)
	at pages.LoginPage.linkToTakeSS(LoginPage.java:78)
	at tests.LoginPageTest.linkToTakeSSTest(LoginPageTest.java:68)
... Removed 33 stack frames</pre></div><a href='#' onClick='toggleBox("stack-trace1644515247", this, "Click to show all stack frames", "Click to hide stack frames")'>Click to show all stack frames</a>
<div class='stack-trace' id='stack-trace1644515247'><pre>org.openqa.selenium.NoSuchElementException: no such element: Unable to locate element: {&quot;method&quot;:&quot;link text&quot;,&quot;selector&quot;:&quot;Conditions of Use12&quot;}
  (Session info: chrome=114.0.5735.199)
For documentation on this error, please visit: http://seleniumhq.org/exceptions/no_such_element.html
Build info: version: &apos;3.14.0&apos;, revision: &apos;aacccce0&apos;, time: &apos;2018-08-02T20:19:58.91Z&apos;
System info: host: &apos;LAPTOP-52NJGNB2&apos;, ip: &apos;10.0.0.127&apos;, os.name: &apos;Windows 10&apos;, os.arch: &apos;amd64&apos;, os.version: &apos;10.0&apos;, java.version: &apos;15.0.1&apos;
Driver info: org.openqa.selenium.chrome.ChromeDriver
Capabilities {acceptInsecureCerts: false, browserName: chrome, browserVersion: 114.0.5735.199, chrome: {chromedriverVersion: 114.0.5735.90 (386bc09e8f4f..., userDataDir: C:\Users\jaldi\AppData\Loca...}, goog:chromeOptions: {debuggerAddress: localhost:59677}, javascriptEnabled: true, networkConnectionEnabled: false, pageLoadStrategy: normal, platform: WINDOWS, platformName: WINDOWS, proxy: Proxy(), setWindowRect: true, strictFileInteractability: false, timeouts: {implicit: 0, pageLoad: 300000, script: 30000}, unhandledPromptBehavior: dismiss and notify, webauthn:extension:credBlob: true, webauthn:extension:largeBlob: true, webauthn:extension:minPinLength: true, webauthn:extension:prf: true, webauthn:virtualAuthenticators: true}
Session ID: daf367ec1d55fe02bdc36bfccd37e5ee
*** Element info: {Using=link text, value=Conditions of Use12}
	at java.base/jdk.internal.reflect.NativeConstructorAccessorImpl.newInstance0(Native Method)
	at java.base/jdk.internal.reflect.NativeConstructorAccessorImpl.newInstance(NativeConstructorAccessorImpl.java:64)
	at java.base/jdk.internal.reflect.DelegatingConstructorAccessorImpl.newInstance(DelegatingConstructorAccessorImpl.java:45)
	at java.base/java.lang.reflect.Constructor.newInstanceWithCaller(Constructor.java:500)
	at java.base/java.lang.reflect.Constructor.newInstance(Constructor.java:481)
	at org.openqa.selenium.remote.http.W3CHttpResponseCodec.createException(W3CHttpResponseCodec.java:187)
	at org.openqa.selenium.remote.http.W3CHttpResponseCodec.decode(W3CHttpResponseCodec.java:122)
	at org.openqa.selenium.remote.http.W3CHttpResponseCodec.decode(W3CHttpResponseCodec.java:49)
	at org.openqa.selenium.remote.HttpCommandExecutor.execute(HttpCommandExecutor.java:158)
	at org.openqa.selenium.remote.service.DriverCommandExecutor.execute(DriverCommandExecutor.java:83)
	at org.openqa.selenium.remote.RemoteWebDriver.execute(RemoteWebDriver.java:548)
	at org.openqa.selenium.remote.RemoteWebDriver.findElement(RemoteWebDriver.java:322)
	at org.openqa.selenium.remote.RemoteWebDriver.findElementByLinkText(RemoteWebDriver.java:376)
	at org.openqa.selenium.By$ByLinkText.findElement(By.java:220)
	at org.openqa.selenium.remote.RemoteWebDriver.findElement(RemoteWebDriver.java:314)
	at jdk.internal.reflect.GeneratedMethodAccessor5.invoke(Unknown Source)
	at java.base/jdk.internal.reflect.DelegatingMethodAccessorImpl.invoke(DelegatingMethodAccessorImpl.java:43)
	at java.base/java.lang.reflect.Method.invoke(Method.java:564)
	at org.openqa.selenium.support.events.EventFiringWebDriver.lambda$new$1(EventFiringWebDriver.java:105)
	at com.sun.proxy.$Proxy10.findElement(Unknown Source)
	at org.openqa.selenium.support.events.EventFiringWebDriver.findElement(EventFiringWebDriver.java:194)
	at org.openqa.selenium.support.pagefactory.DefaultElementLocator.findElement(DefaultElementLocator.java:69)
	at org.openqa.selenium.support.pagefactory.internal.LocatingElementHandler.invoke(LocatingElementHandler.java:38)
	at com.sun.proxy.$Proxy14.isDisplayed(Unknown Source)
	at pages.LoginPage.linkToTakeSS(LoginPage.java:78)
	at tests.LoginPageTest.linkToTakeSSTest(LoginPageTest.java:68)
	at java.base/jdk.internal.reflect.NativeMethodAccessorImpl.invoke0(Native Method)
	at java.base/jdk.internal.reflect.NativeMethodAccessorImpl.invoke(NativeMethodAccessorImpl.java:64)
	at java.base/jdk.internal.reflect.DelegatingMethodAccessorImpl.invoke(DelegatingMethodAccessorImpl.java:43)
	at java.base/java.lang.reflect.Method.invoke(Method.java:564)
	at org.testng.internal.MethodInvocationHelper.invokeMethod(MethodInvocationHelper.java:108)
	at org.testng.internal.Invoker.invokeMethod(Invoker.java:661)
	at org.testng.internal.Invoker.invokeTestMethod(Invoker.java:869)
	at org.testng.internal.Invoker.invokeTestMethods(Invoker.java:1193)
	at org.testng.internal.TestMethodWorker.invokeTestMethods(TestMethodWorker.java:126)
	at org.testng.internal.TestMethodWorker.run(TestMethodWorker.java:109)
	at org.testng.TestRunner.privateRun(TestRunner.java:744)
	at org.testng.TestRunner.run(TestRunner.java:602)
	at org.testng.SuiteRunner.runTest(SuiteRunner.java:380)
	at org.testng.SuiteRunner.runSequentially(SuiteRunner.java:375)
	at org.testng.SuiteRunner.privateRun(SuiteRunner.java:340)
	at org.testng.SuiteRunner.run(SuiteRunner.java:289)
	at org.testng.SuiteRunnerWorker.runSuite(SuiteRunnerWorker.java:52)
	at org.testng.SuiteRunnerWorker.run(SuiteRunnerWorker.java:86)
	at org.testng.TestNG.runSuitesSequentially(TestNG.java:1301)
	at org.testng.TestNG.runSuitesLocally(TestNG.java:1226)
	at org.testng.TestNG.runSuites(TestNG.java:1144)
	at org.testng.TestNG.run(TestNG.java:1115)
	at org.testng.remote.AbstractRemoteTestNG.run(AbstractRemoteTestNG.java:115)
	at org.testng.remote.RemoteTestNG.initAndRun(RemoteTestNG.java:251)
	at org.testng.remote.RemoteTestNG.main(RemoteTestNG.java:77)
</pre></div></td>
<td>30</td>
<td>tests.LoginPageTest@7c83dc97</td></tr>
</table><p>
<table width='100%' border='1' class='invocation-passed'>
<tr><td colspan='4' align='center'><b>PASSED TESTS</b></td></tr>
<tr><td><b>Test method</b></td>
<td width="30%"><b>Exception</b></td>
<td width="10%"><b>Time (seconds)</b></td>
<td><b>Instance</b></td>
</tr>
<tr>
<td title='tests.KeyBoardPageTest.backForwardRefreshTest()'><b>backForwardRefreshTest</b><br>Test class: tests.KeyBoardPageTest</td>
<td></td>
<td>2</td>
<td>tests.KeyBoardPageTest@37f1104d</td></tr>
<tr>
<td title='tests.LoginPageTest.clickOnCreateNewAccountTest()'><b>clickOnCreateNewAccountTest</b><br>Test class: tests.LoginPageTest</td>
<td></td>
<td>1</td>
<td>tests.LoginPageTest@7c83dc97</td></tr>
<tr>
<td title='tests.HomePageTest.clickOnElectronicsLinkTest()'><b>clickOnElectronicsLinkTest</b><br>Test class: tests.HomePageTest</td>
<td></td>
<td>0</td>
<td>tests.HomePageTest@4470f8a6</td></tr>
<tr>
<td title='tests.MusicInstrumentPageTest.clickOnKeyboardPianoTest()'><b>clickOnKeyboardPianoTest</b><br>Test class: tests.MusicInstrumentPageTest</td>
<td></td>
<td>1</td>
<td>tests.MusicInstrumentPageTest@55740540</td></tr>
<tr>
<td title='tests.HomePageTest.clickOnSignInLinkTest()'><b>clickOnSignInLinkTest</b><br>Test class: tests.HomePageTest</td>
<td></td>
<td>0</td>
<td>tests.HomePageTest@4470f8a6</td></tr>
<tr>
<td title='tests.KeyBoardPageTest.clickOnfolktoolTest()'><b>clickOnfolktoolTest</b><br>Test class: tests.KeyBoardPageTest</td>
<td></td>
<td>1</td>
<td>tests.KeyBoardPageTest@37f1104d</td></tr>
<tr>
<td title='tests.ShoppingPageTest.confirmBucketItemTest()'><b>confirmBucketItemTest</b><br>Test class: tests.ShoppingPageTest</td>
<td></td>
<td>4</td>
<td>tests.ShoppingPageTest@1018bde2</td></tr>
<tr>
<td title='tests.ShoppingPageTest.confirmCartItemsTest()'><b>confirmCartItemsTest</b><br>Test class: tests.ShoppingPageTest</td>
<td></td>
<td>1</td>
<td>tests.ShoppingPageTest@1018bde2</td></tr>
<tr>
<td title='tests.RegisterPageTest.createNewAccountTest()'><b>createNewAccountTest</b><br>Test class: tests.RegisterPageTest</td>
<td></td>
<td>1</td>
<td>tests.RegisterPageTest@2f54a33d</td></tr>
<tr>
<td title='tests.AmazonPageTest.finilizeItemPianoTest()'><b>finilizeItemPianoTest</b><br>Test class: tests.AmazonPageTest</td>
<td></td>
<td>4</td>
<td>tests.AmazonPageTest@7748410a</td></tr>
<tr>
<td title='tests.HomePageTest.getAllFooterLinksTest()'><b>getAllFooterLinksTest</b><br>Test class: tests.HomePageTest</td>
<td></td>
<td>1</td>
<td>tests.HomePageTest@4470f8a6</td></tr>
<tr>
<td title='tests.MusicInstrumentPageTest.getAllHeaderLinksTest()'><b>getAllHeaderLinksTest</b><br>Test class: tests.MusicInstrumentPageTest</td>
<td></td>
<td>0</td>
<td>tests.MusicInstrumentPageTest@55740540</td></tr>
<tr>
<td title='tests.ElectronicPageTest.getAllLinksFromDropDOwnTest()'><b>getAllLinksFromDropDOwnTest</b><br>Test class: tests.ElectronicPageTest</td>
<td></td>
<td>4</td>
<td>tests.ElectronicPageTest@740773a3</td></tr>
<tr>
<td title='tests.HomePageTest.getAllOptionsFromSuggestionListTest()'><b>getAllOptionsFromSuggestionListTest</b><br>Test class: tests.HomePageTest</td>
<td></td>
<td>1</td>
<td>tests.HomePageTest@4470f8a6</td></tr>
<tr>
<td title='tests.HomePageTest.getDefaultValueFromSearchBoxTest()'><b>getDefaultValueFromSearchBoxTest</b><br>Test class: tests.HomePageTest</td>
<td></td>
<td>0</td>
<td>tests.HomePageTest@4470f8a6</td></tr>
<tr>
<td title='tests.HomePageTest.getListAfterHoverTest()'><b>getListAfterHoverTest</b><br>Test class: tests.HomePageTest</td>
<td></td>
<td>1</td>
<td>tests.HomePageTest@4470f8a6</td></tr>
<tr>
<td title='tests.PianoPageTest.itemAddToCartTest()'><b>itemAddToCartTest</b><br>Test class: tests.PianoPageTest</td>
<td></td>
<td>0</td>
<td>tests.PianoPageTest@60015ef5</td></tr>
<tr>
<td title='tests.LoginPageTest.loginWithCorrectDetailsTest()'><b>loginWithCorrectDetailsTest</b><br>Test class: tests.LoginPageTest</td>
<td></td>
<td>2</td>
<td>tests.LoginPageTest@7c83dc97</td></tr>
<tr>
<td title='tests.ElectronicPageTest.scrolldownClickOnMusicInstrumentTest()'><b>scrolldownClickOnMusicInstrumentTest</b><br>Test class: tests.ElectronicPageTest</td>
<td></td>
<td>3</td>
<td>tests.ElectronicPageTest@740773a3</td></tr>
<tr>
<td title='tests.AmazonPageTest.seleciMinMaxValueForItemTest()'><b>seleciMinMaxValueForItemTest</b><br>Test class: tests.AmazonPageTest</td>
<td></td>
<td>1</td>
<td>tests.AmazonPageTest@7748410a</td></tr>
<tr>
<td title='tests.ElectronicPageTest.validateElectronicPageTitle()'><b>validateElectronicPageTitle</b><br>Test class: tests.ElectronicPageTest</td>
<td></td>
<td>0</td>
<td>tests.ElectronicPageTest@740773a3</td></tr>
<tr>
<td title='tests.HomePageTest.validateHomePageTitle()'><b>validateHomePageTitle</b><br>Test class: tests.HomePageTest</td>
<td></td>
<td>0</td>
<td>tests.HomePageTest@4470f8a6</td></tr>
<tr>
<td title='tests.KeyBoardPageTest.validateKeyBoardHeadingTest()'><b>validateKeyBoardHeadingTest</b><br>Test class: tests.KeyBoardPageTest</td>
<td></td>
<td>0</td>
<td>tests.KeyBoardPageTest@37f1104d</td></tr>
<tr>
<td title='tests.KeyBoardPageTest.validateKeyBoardPageTitle()'><b>validateKeyBoardPageTitle</b><br>Test class: tests.KeyBoardPageTest</td>
<td></td>
<td>0</td>
<td>tests.KeyBoardPageTest@37f1104d</td></tr>
<tr>
<td title='tests.LoginPageTest.validateLoginPageTitle()'><b>validateLoginPageTitle</b><br>Test class: tests.LoginPageTest</td>
<td></td>
<td>0</td>
<td>tests.LoginPageTest@7c83dc97</td></tr>
<tr>
<td title='tests.MusicInstrumentPageTest.validateMusicInstrumentPageTitle()'><b>validateMusicInstrumentPageTitle</b><br>Test class: tests.MusicInstrumentPageTest</td>
<td></td>
<td>0</td>
<td>tests.MusicInstrumentPageTest@55740540</td></tr>
<tr>
<td title='tests.PianoPageTest.validatePianoPageTitle()'><b>validatePianoPageTitle</b><br>Test class: tests.PianoPageTest</td>
<td></td>
<td>0</td>
<td>tests.PianoPageTest@60015ef5</td></tr>
<tr>
<td title='tests.RegisterPageTest.validateRegisterPageTitle()'><b>validateRegisterPageTitle</b><br>Test class: tests.RegisterPageTest</td>
<td></td>
<td>0</td>
<td>tests.RegisterPageTest@2f54a33d</td></tr>
<tr>
<td title='tests.ShoppingPageTest.validateShoppingPageTitle()'><b>validateShoppingPageTitle</b><br>Test class: tests.ShoppingPageTest</td>
<td></td>
<td>0</td>
<td>tests.ShoppingPageTest@1018bde2</td></tr>
<tr>
<td title='tests.LoginPageTest.validateUserNameAfterLogInTest()'><b>validateUserNameAfterLogInTest</b><br>Test class: tests.LoginPageTest</td>
<td></td>
<td>2</td>
<td>tests.LoginPageTest@7c83dc97</td></tr>
<tr>
<td title='tests.HomePageTest.verifyAmazonBottomLableTest()'><b>verifyAmazonBottomLableTest</b><br>Test class: tests.HomePageTest</td>
<td></td>
<td>0</td>
<td>tests.HomePageTest@4470f8a6</td></tr>
<tr>
<td title='tests.LoginPageTest.verifyAmazonLogoTest()'><b>verifyAmazonLogoTest</b><br>Test class: tests.LoginPageTest</td>
<td></td>
<td>0</td>
<td>tests.LoginPageTest@7c83dc97</td></tr>
<tr>
<td title='tests.ElectronicPageTest.verifyElectronicImgTest()'><b>verifyElectronicImgTest</b><br>Test class: tests.ElectronicPageTest</td>
<td></td>
<td>2</td>
<td>tests.ElectronicPageTest@740773a3</td></tr>
<tr>
<td title='tests.LoginPageTest.verifyEmailErrTest()'><b>verifyEmailErrTest</b><br>Test class: tests.LoginPageTest</td>
<td></td>
<td>0</td>
<td>tests.LoginPageTest@7c83dc97</td></tr>
<tr>
<td title='tests.PianoPageTest.verifyImgDisplayedTest()'><b>verifyImgDisplayedTest</b><br>Test class: tests.PianoPageTest</td>
<td></td>
<td>0</td>
<td>tests.PianoPageTest@60015ef5</td></tr>
<tr>
<td title='tests.AmazonPageTest.verifyPageTitle()'><b>verifyPageTitle</b><br>Test class: tests.AmazonPageTest</td>
<td></td>
<td>0</td>
<td>tests.AmazonPageTest@7748410a</td></tr>
</table><p>
</body>
</html>